<?xml version="1.0" encoding="UTF-8"?>
<testng-results ignored="0" total="1" passed="1" failed="0" skipped="0">
  <reporter-output>
  </reporter-output>
  <suite started-at="2024-06-22T20:20:26 IST" name="Suite" finished-at="2024-06-22T20:20:26 IST" duration-ms="37">
    <groups>
    </groups>
    <test started-at="2024-06-22T20:20:26 IST" name="Test" finished-at="2024-06-22T20:20:26 IST" duration-ms="37">
      <class name="yuvaantestacademy.YuvaanSelenium.SeleniumTest">
        <test-method signature="getData()[pri:0, instance:yuvaantestacademy.YuvaanSelenium.SeleniumTest@1afd44cb]" started-at="2024-06-22T20:20:26 IST" name="getData" finished-at="2024-06-22T20:20:26 IST" duration-ms="4" status="PASS">
          <reporter-output>
          </reporter-output>
        </test-method> <!-- getData -->
      </class> <!-- yuvaantestacademy.YuvaanSelenium.SeleniumTest -->
    </test> <!-- Test -->
  </suite> <!-- Suite -->
</testng-results>
